<nodeTypes xmlns:nt="http://www.jcp.org/jcr/nt/1.0" xmlns:mix="http://www.jcp.org/jcr/mix/1.0"
  xmlns:jcr="http://www.jcp.org/jcr/1.0">
  <nodeType name="lab:member" isMixin="false"
    hasOrderableChildNodes="false">
    <supertypes>
      <supertype>nt:base</supertype>
      <supertype>mix:referenceable</supertype>
    </supertypes>
    <propertyDefinitions>
    	 <propertyDefinition name="lab:name" requiredType="String" autoCreated="false" mandatory="true" onParentVersion="COPY" protected="false" multiple="false">
       <valueConstraints/>
     </propertyDefinition>
     <propertyDefinition name="lab:age" requiredType="Long" autoCreated="false" mandatory="false" onParentVersion="COPY" protected="false" multiple="false">
       <valueConstraints/>
     </propertyDefinition>
     <propertyDefinition name="lab:team" requiredType="String" autoCreated="false" mandatory="false" onParentVersion="COPY" protected="false" multiple="false">
       <valueConstraints/>
     </propertyDefinition>
    </propertyDefinitions>
  </nodeType>

  <nodeType name="lab:team" isMixin="false"
    hasOrderableChildNodes="false">
    <supertypes>
      <supertype>nt:base</supertype>
      <supertype>mix:referenceable</supertype>
    </supertypes>
    <propertyDefinitions>
     <propertyDefinition name="lab:teamName" requiredType="String" autoCreated="false" mandatory="true" onParentVersion="COPY" protected="false" multiple="false">
       <valueConstraints/>
     </propertyDefinition>
   </propertyDefinitions>
   <childNodeDefinitions>
     <childNodeDefinition name="*" defaultPrimaryType="lab:member" autoCreated="false" mandatory="false" onParentVersion="VERSION" protected="false" sameNameSiblings="false">
       <requiredPrimaryTypes>
         <requiredPrimaryType>lab:member</requiredPrimaryType>
       </requiredPrimaryTypes>
     </childNodeDefinition>
   </childNodeDefinitions>
  </nodeType>

</nodeTypes>